<?xml version="1.0" encoding="UTF-8"?>
<coverage generated="1701542891800" clover="3.2.0">
  <project timestamp="1701542891800" name="All files">
    <metrics statements="74" coveredstatements="60" conditionals="20" coveredconditionals="14" methods="15" coveredmethods="11" elements="109" coveredelements="85" complexity="0" loc="74" ncloc="74" packages="6" files="9" classes="9"/>
    <package name="src">
      <metrics statements="29" coveredstatements="29" conditionals="4" coveredconditionals="4" methods="10" coveredmethods="9"/>
      <file name="errors.ts" path="D:\Documents\react-provider\src\errors.ts">
        <metrics statements="3" coveredstatements="3" conditionals="0" coveredconditionals="0" methods="1" coveredmethods="1"/>
        <line num="3" count="3" type="stmt"/>
        <line num="4" count="3" type="stmt"/>
        <line num="8" count="6" type="stmt"/>
      </file>
      <file name="index.ts" path="D:\Documents\react-provider\src\index.ts">
        <metrics statements="14" coveredstatements="14" conditionals="0" coveredconditionals="0" methods="7" coveredmethods="6"/>
        <line num="1" count="6" type="stmt"/>
        <line num="2" count="6" type="stmt"/>
        <line num="3" count="6" type="stmt"/>
        <line num="4" count="6" type="stmt"/>
        <line num="5" count="6" type="stmt"/>
        <line num="6" count="6" type="stmt"/>
        <line num="7" count="6" type="stmt"/>
        <line num="10" count="8" type="stmt"/>
        <line num="11" count="12" type="stmt"/>
        <line num="12" count="8" type="stmt"/>
        <line num="13" count="6" type="stmt"/>
        <line num="14" count="6" type="stmt"/>
        <line num="15" count="11" type="stmt"/>
        <line num="16" count="24" type="stmt"/>
      </file>
      <file name="utils.ts" path="D:\Documents\react-provider\src\utils.ts">
        <metrics statements="12" coveredstatements="12" conditionals="4" coveredconditionals="4" methods="2" coveredmethods="2"/>
        <line num="3" count="6" type="stmt"/>
        <line num="4" count="26" type="cond" truecount="1" falsecount="0"/>
        <line num="5" count="11" type="stmt"/>
        <line num="10" count="15" type="cond" truecount="1" falsecount="0"/>
        <line num="11" count="1" type="stmt"/>
        <line num="16" count="14" type="cond" truecount="1" falsecount="0"/>
        <line num="17" count="2" type="stmt"/>
        <line num="22" count="12" type="cond" truecount="1" falsecount="0"/>
        <line num="23" count="2" type="stmt"/>
        <line num="25" count="10" type="stmt"/>
        <line num="28" count="6" type="stmt"/>
        <line num="29" count="6" type="stmt"/>
      </file>
    </package>
    <package name="src.MultiProvider">
      <metrics statements="9" coveredstatements="3" conditionals="1" coveredconditionals="0" methods="2" coveredmethods="0"/>
      <file name="index.tsx" path="D:\Documents\react-provider\src\MultiProvider\index.tsx">
        <metrics statements="9" coveredstatements="3" conditionals="1" coveredconditionals="0" methods="2" coveredmethods="0"/>
        <line num="1" count="6" type="stmt"/>
        <line num="25" count="6" type="stmt"/>
        <line num="26" count="0" type="stmt"/>
        <line num="27" count="0" type="stmt"/>
        <line num="28" count="0" type="cond" truecount="0" falsecount="1"/>
        <line num="29" count="0" type="stmt"/>
        <line num="31" count="0" type="stmt"/>
        <line num="33" count="0" type="stmt"/>
        <line num="36" count="6" type="stmt"/>
      </file>
    </package>
    <package name="src.Provider">
      <metrics statements="7" coveredstatements="7" conditionals="6" coveredconditionals="6" methods="1" coveredmethods="1"/>
      <file name="index.tsx" path="D:\Documents\react-provider\src\Provider\index.tsx">
        <metrics statements="7" coveredstatements="7" conditionals="6" coveredconditionals="6" methods="1" coveredmethods="1"/>
        <line num="1" count="6" type="stmt"/>
        <line num="3" count="6" type="stmt"/>
        <line num="4" count="6" type="stmt"/>
        <line num="11" count="2" type="cond" truecount="2" falsecount="0"/>
        <line num="12" count="2" type="cond" truecount="2" falsecount="0"/>
        <line num="13" count="2" type="stmt"/>
        <line num="21" count="6" type="stmt"/>
      </file>
    </package>
    <package name="src.ProviderContext">
      <metrics statements="3" coveredstatements="3" conditionals="0" coveredconditionals="0" methods="0" coveredmethods="0"/>
      <file name="index.ts" path="D:\Documents\react-provider\src\ProviderContext\index.ts">
        <metrics statements="3" coveredstatements="3" conditionals="0" coveredconditionals="0" methods="0" coveredmethods="0"/>
        <line num="1" count="6" type="stmt"/>
        <line num="7" count="6" type="stmt"/>
        <line num="10" count="6" type="stmt"/>
      </file>
    </package>
    <package name="src.ProviderScope">
      <metrics statements="11" coveredstatements="11" conditionals="4" coveredconditionals="4" methods="1" coveredmethods="1"/>
      <file name="index.tsx" path="D:\Documents\react-provider\src\ProviderScope\index.tsx">
        <metrics statements="11" coveredstatements="11" conditionals="4" coveredconditionals="4" methods="1" coveredmethods="1"/>
        <line num="1" count="6" type="stmt"/>
        <line num="2" count="6" type="stmt"/>
        <line num="3" count="6" type="stmt"/>
        <line num="11" count="8" type="stmt"/>
        <line num="13" count="8" type="cond" truecount="2" falsecount="0"/>
        <line num="14" count="6" type="stmt"/>
        <line num="16" count="2" type="stmt"/>
        <line num="19" count="8" type="cond" truecount="2" falsecount="0"/>
        <line num="20" count="8" type="stmt"/>
        <line num="21" count="8" type="stmt"/>
        <line num="23" count="6" type="stmt"/>
      </file>
    </package>
    <package name="src.hooks">
      <metrics statements="15" coveredstatements="7" conditionals="5" coveredconditionals="0" methods="1" coveredmethods="0"/>
      <file name="index.ts" path="D:\Documents\react-provider\src\hooks\index.ts">
        <metrics statements="2" coveredstatements="2" conditionals="0" coveredconditionals="0" methods="0" coveredmethods="0"/>
        <line num="1" count="6" type="stmt"/>
        <line num="3" count="6" type="stmt"/>
      </file>
      <file name="useProvider.ts" path="D:\Documents\react-provider\src\hooks\useProvider.ts">
        <metrics statements="13" coveredstatements="5" conditionals="5" coveredconditionals="0" methods="1" coveredmethods="0"/>
        <line num="1" count="6" type="stmt"/>
        <line num="2" count="6" type="stmt"/>
        <line num="3" count="6" type="stmt"/>
        <line num="4" count="6" type="stmt"/>
        <line num="10" count="0" type="cond" truecount="0" falsecount="2"/>
        <line num="11" count="0" type="stmt"/>
        <line num="12" count="0" type="stmt"/>
        <line num="13" count="0" type="cond" truecount="0" falsecount="2"/>
        <line num="14" count="0" type="cond" truecount="0" falsecount="1"/>
        <line num="15" count="0" type="stmt"/>
        <line num="17" count="0" type="stmt"/>
        <line num="18" count="0" type="stmt"/>
        <line num="21" count="6" type="stmt"/>
      </file>
    </package>
  </project>
</coverage>
