{"D:\\Documents\\react-provider\\src\\errors.ts": {"path":"D:\\Documents\\react-provider\\src\\errors.ts","statementMap":{"0":{"start":{"line":3,"column":4},"end":{"line":3,"column":null}},"1":{"start":{"line":4,"column":4},"end":{"line":4,"column":null}},"2":{"start":{"line":8,"column":9},"end":{"line":8,"column":34}}},"fnMap":{"0":{"name":"(anonymous_0)","decl":{"start":{"line":2,"column":2},"end":{"line":2,"column":14}},"loc":{"start":{"line":2,"column":26},"end":{"line":5,"column":3}}}},"branchMap":{},"s":{"0":11,"1":11,"2":9},"f":{"0":11},"b":{}}
,"D:\\Documents\\react-provider\\src\\index.ts": {"path":"D:\\Documents\\react-provider\\src\\index.ts","statementMap":{"0":{"start":{"line":1,"column":0},"end":{"line":1,"column":7}},"1":{"start":{"line":14,"column":9},"end":{"line":1,"column":79}},"2":{"start":{"line":2,"column":0},"end":{"line":2,"column":9}},"3":{"start":{"line":13,"column":9},"end":{"line":2,"column":22}},"4":{"start":{"line":13,"column":22},"end":{"line":2,"column":55}},"5":{"start":{"line":3,"column":0},"end":{"line":3,"column":9}},"6":{"start":{"line":10,"column":24},"end":{"line":3,"column":52}},"7":{"start":{"line":4,"column":0},"end":{"line":4,"column":22}},"8":{"start":{"line":12,"column":9},"end":{"line":4,"column":64}},"9":{"start":{"line":5,"column":0},"end":{"line":5,"column":9}},"10":{"start":{"line":11,"column":9},"end":{"line":5,"column":67}},"11":{"start":{"line":6,"column":0},"end":{"line":6,"column":9}},"12":{"start":{"line":15,"column":9},"end":{"line":6,"column":52}},"13":{"start":{"line":7,"column":0},"end":{"line":7,"column":9}},"14":{"start":{"line":16,"column":9},"end":{"line":7,"column":31}},"15":{"start":{"line":16,"column":31},"end":{"line":7,"column":56}}},"fnMap":{"0":{"name":"(anonymous_0)","decl":{"start":{"line":13,"column":9},"end":{"line":13,"column":20}},"loc":{"start":{"line":13,"column":9},"end":{"line":2,"column":22}}},"1":{"name":"(anonymous_1)","decl":{"start":{"line":13,"column":22},"end":{"line":13,"column":38}},"loc":{"start":{"line":13,"column":22},"end":{"line":2,"column":55}}},"2":{"name":"(anonymous_2)","decl":{"start":{"line":10,"column":24},"end":{"line":10,"column":32}},"loc":{"start":{"line":10,"column":24},"end":{"line":3,"column":52}}},"3":{"name":"(anonymous_3)","decl":{"start":{"line":12,"column":9},"end":{"line":12,"column":24}},"loc":{"start":{"line":12,"column":9},"end":{"line":4,"column":64}}},"4":{"name":"(anonymous_4)","decl":{"start":{"line":11,"column":9},"end":{"line":11,"column":22}},"loc":{"start":{"line":11,"column":9},"end":{"line":5,"column":67}}},"5":{"name":"(anonymous_5)","decl":{"start":{"line":15,"column":9},"end":{"line":15,"column":34}},"loc":{"start":{"line":15,"column":9},"end":{"line":6,"column":52}}},"6":{"name":"(anonymous_6)","decl":{"start":{"line":16,"column":9},"end":{"line":16,"column":29}},"loc":{"start":{"line":16,"column":9},"end":{"line":7,"column":31}}},"7":{"name":"(anonymous_7)","decl":{"start":{"line":16,"column":31},"end":{"line":16,"column":39}},"loc":{"start":{"line":16,"column":31},"end":{"line":7,"column":56}}}},"branchMap":{},"s":{"0":9,"1":9,"2":9,"3":27,"4":27,"5":9,"6":39,"7":9,"8":12,"9":9,"10":16,"11":9,"12":16,"13":9,"14":27,"15":11},"f":{"0":18,"1":18,"2":30,"3":3,"4":7,"5":7,"6":18,"7":2},"b":{}}
,"D:\\Documents\\react-provider\\src\\utils.ts": {"path":"D:\\Documents\\react-provider\\src\\utils.ts","statementMap":{"0":{"start":{"line":4,"column":2},"end":{"line":6,"column":3}},"1":{"start":{"line":5,"column":4},"end":{"line":5,"column":null}},"2":{"start":{"line":10,"column":2},"end":{"line":12,"column":3}},"3":{"start":{"line":11,"column":4},"end":{"line":11,"column":null}},"4":{"start":{"line":16,"column":2},"end":{"line":18,"column":3}},"5":{"start":{"line":17,"column":4},"end":{"line":17,"column":null}},"6":{"start":{"line":22,"column":2},"end":{"line":24,"column":3}},"7":{"start":{"line":23,"column":4},"end":{"line":23,"column":null}},"8":{"start":{"line":25,"column":2},"end":{"line":25,"column":null}},"9":{"start":{"line":3,"column":0},"end":{"line":3,"column":16}},"10":{"start":{"line":29,"column":2},"end":{"line":29,"column":null}},"11":{"start":{"line":28,"column":0},"end":{"line":28,"column":16}}},"fnMap":{"0":{"name":"getObjectRuntimeName","decl":{"start":{"line":3,"column":16},"end":{"line":3,"column":36}},"loc":{"start":{"line":3,"column":43},"end":{"line":26,"column":1}}},"1":{"name":"isCreate","decl":{"start":{"line":28,"column":16},"end":{"line":28,"column":24}},"loc":{"start":{"line":28,"column":49},"end":{"line":30,"column":1}}}},"branchMap":{"0":{"loc":{"start":{"line":4,"column":2},"end":{"line":6,"column":3}},"type":"if","locations":[{"start":{"line":4,"column":2},"end":{"line":6,"column":3}}]},"1":{"loc":{"start":{"line":10,"column":2},"end":{"line":12,"column":3}},"type":"if","locations":[{"start":{"line":10,"column":2},"end":{"line":12,"column":3}}]},"2":{"loc":{"start":{"line":16,"column":2},"end":{"line":18,"column":3}},"type":"if","locations":[{"start":{"line":16,"column":2},"end":{"line":18,"column":3}}]},"3":{"loc":{"start":{"line":22,"column":2},"end":{"line":24,"column":3}},"type":"if","locations":[{"start":{"line":22,"column":2},"end":{"line":24,"column":3}}]}},"s":{"0":55,"1":12,"2":43,"3":2,"4":41,"5":11,"6":30,"7":3,"8":27,"9":9,"10":62,"11":9},"f":{"0":55,"1":62},"b":{"0":[12],"1":[2],"2":[11],"3":[3]}}
,"D:\\Documents\\react-provider\\src\\MultiProvider\\index.tsx": {"path":"D:\\Documents\\react-provider\\src\\MultiProvider\\index.tsx","statementMap":{"0":{"start":{"line":1,"column":0},"end":{"line":1,"column":25}},"1":{"start":{"line":25,"column":71},"end":{"line":34,"column":1}},"2":{"start":{"line":26,"column":23},"end":{"line":32,"column":3}},"3":{"start":{"line":27,"column":50},"end":{"line":27,"column":64}},"4":{"start":{"line":28,"column":4},"end":{"line":30,"column":5}},"5":{"start":{"line":29,"column":6},"end":{"line":29,"column":null}},"6":{"start":{"line":31,"column":4},"end":{"line":31,"column":null}},"7":{"start":{"line":33,"column":2},"end":{"line":33,"column":null}},"8":{"start":{"line":36,"column":0},"end":{"line":36,"column":null}}},"fnMap":{"0":{"name":"(anonymous_0)","decl":{"start":{"line":25,"column":71},"end":{"line":25,"column":72}},"loc":{"start":{"line":25,"column":99},"end":{"line":34,"column":1}}},"1":{"name":"(anonymous_1)","decl":{"start":{"line":26,"column":23},"end":{"line":26,"column":24}},"loc":{"start":{"line":26,"column":117},"end":{"line":32,"column":3}}}},"branchMap":{"0":{"loc":{"start":{"line":28,"column":4},"end":{"line":30,"column":5}},"type":"if","locations":[{"start":{"line":28,"column":4},"end":{"line":30,"column":5}}]}},"s":{"0":9,"1":9,"2":5,"3":21,"4":21,"5":16,"6":5,"7":5,"8":9},"f":{"0":5,"1":21},"b":{"0":[16]}}
,"D:\\Documents\\react-provider\\src\\Provider\\index.tsx": {"path":"D:\\Documents\\react-provider\\src\\Provider\\index.tsx","statementMap":{"0":{"start":{"line":1,"column":0},"end":{"line":1,"column":49}},"1":{"start":{"line":3,"column":0},"end":{"line":3,"column":35}},"2":{"start":{"line":4,"column":0},"end":{"line":4,"column":48}},"3":{"start":{"line":11,"column":22},"end":{"line":11,"column":69}},"4":{"start":{"line":12,"column":35},"end":{"line":12,"column":72}},"5":{"start":{"line":13,"column":2},"end":{"line":17,"column":null}},"6":{"start":{"line":21,"column":9},"end":{"line":21,"column":17}}},"fnMap":{"0":{"name":"Provider","decl":{"start":{"line":10,"column":9},"end":{"line":10,"column":17}},"loc":{"start":{"line":10,"column":84},"end":{"line":18,"column":1}}}},"branchMap":{"0":{"loc":{"start":{"line":11,"column":29},"end":{"line":11,"column":68}},"type":"cond-expr","locations":[{"start":{"line":11,"column":48},"end":{"line":11,"column":56}},{"start":{"line":11,"column":59},"end":{"line":11,"column":68}}]},"1":{"loc":{"start":{"line":12,"column":35},"end":{"line":12,"column":72}},"type":"cond-expr","locations":[{"start":{"line":12,"column":54},"end":{"line":12,"column":63}},{"start":{"line":12,"column":66},"end":{"line":12,"column":72}}]},"2":{"loc":{"start":{"line":14,"column":38},"end":{"line":14,"column":70}},"type":"binary-expr","locations":[{"start":{"line":14,"column":38},"end":{"line":14,"column":57}},{"start":{"line":14,"column":61},"end":{"line":14,"column":70}}]}},"s":{"0":9,"1":9,"2":9,"3":30,"4":30,"5":30,"6":9},"f":{"0":30},"b":{"0":[10,20],"1":[10,20],"2":[30,20]}}
,"D:\\Documents\\react-provider\\src\\ProviderContext\\index.ts": {"path":"D:\\Documents\\react-provider\\src\\ProviderContext\\index.ts","statementMap":{"0":{"start":{"line":1,"column":0},"end":{"line":1,"column":37}},"1":{"start":{"line":7,"column":24},"end":{"line":7,"column":73}},"2":{"start":{"line":10,"column":9},"end":{"line":10,"column":24}}},"fnMap":{},"branchMap":{},"s":{"0":9,"1":9,"2":9},"f":{},"b":{}}
,"D:\\Documents\\react-provider\\src\\ProviderScope\\index.tsx": {"path":"D:\\Documents\\react-provider\\src\\ProviderScope\\index.tsx","statementMap":{"0":{"start":{"line":1,"column":0},"end":{"line":1,"column":53}},"1":{"start":{"line":2,"column":0},"end":{"line":2,"column":52}},"2":{"start":{"line":3,"column":0},"end":{"line":3,"column":47}},"3":{"start":{"line":11,"column":28},"end":{"line":11,"column":55}},"4":{"start":{"line":13,"column":2},"end":{"line":17,"column":3}},"5":{"start":{"line":14,"column":4},"end":{"line":14,"column":null}},"6":{"start":{"line":16,"column":4},"end":{"line":16,"column":null}},"7":{"start":{"line":19,"column":14},"end":{"line":19,"column":49}},"8":{"start":{"line":20,"column":2},"end":{"line":20,"column":null}},"9":{"start":{"line":21,"column":2},"end":{"line":21,"column":null}},"10":{"start":{"line":23,"column":9},"end":{"line":23,"column":22}}},"fnMap":{"0":{"name":"ProviderScope","decl":{"start":{"line":10,"column":9},"end":{"line":10,"column":22}},"loc":{"start":{"line":10,"column":93},"end":{"line":22,"column":1}}}},"branchMap":{"0":{"loc":{"start":{"line":13,"column":2},"end":{"line":17,"column":3}},"type":"if","locations":[{"start":{"line":13,"column":2},"end":{"line":17,"column":3}},{"start":{"line":15,"column":9},"end":{"line":17,"column":3}}]},"1":{"loc":{"start":{"line":19,"column":14},"end":{"line":19,"column":49}},"type":"binary-expr","locations":[{"start":{"line":19,"column":14},"end":{"line":19,"column":18}},{"start":{"line":19,"column":22},"end":{"line":19,"column":49}}]}},"s":{"0":9,"1":9,"2":9,"3":37,"4":37,"5":27,"6":10,"7":37,"8":37,"9":37,"10":9},"f":{"0":37},"b":{"0":[27,10],"1":[37,20]}}
,"D:\\Documents\\react-provider\\src\\hooks\\index.ts": {"path":"D:\\Documents\\react-provider\\src\\hooks\\index.ts","statementMap":{"0":{"start":{"line":1,"column":0},"end":{"line":1,"column":7}},"1":{"start":{"line":4,"column":9},"end":{"line":1,"column":39}},"2":{"start":{"line":2,"column":0},"end":{"line":2,"column":7}},"3":{"start":{"line":4,"column":22},"end":{"line":2,"column":49}}},"fnMap":{},"branchMap":{},"s":{"0":9,"1":9,"2":9,"3":9},"f":{},"b":{}}
,"D:\\Documents\\react-provider\\src\\hooks\\useNamedProvider.ts": {"path":"D:\\Documents\\react-provider\\src\\hooks\\useNamedProvider.ts","statementMap":{"0":{"start":{"line":1,"column":0},"end":{"line":1,"column":34}},"1":{"start":{"line":2,"column":0},"end":{"line":2,"column":52}},"2":{"start":{"line":3,"column":0},"end":{"line":3,"column":53}},"3":{"start":{"line":6,"column":14},"end":{"line":6,"column":18}},"4":{"start":{"line":7,"column":28},"end":{"line":7,"column":55}},"5":{"start":{"line":8,"column":21},"end":{"line":8,"column":44}},"6":{"start":{"line":9,"column":28},"end":{"line":9,"column":57}},"7":{"start":{"line":10,"column":2},"end":{"line":12,"column":3}},"8":{"start":{"line":11,"column":4},"end":{"line":11,"column":null}},"9":{"start":{"line":13,"column":17},"end":{"line":13,"column":37}},"10":{"start":{"line":14,"column":2},"end":{"line":14,"column":null}},"11":{"start":{"line":17,"column":0},"end":{"line":17,"column":null}}},"fnMap":{"0":{"name":"useNamedProvider","decl":{"start":{"line":5,"column":9},"end":{"line":5,"column":25}},"loc":{"start":{"line":5,"column":41},"end":{"line":15,"column":1}}}},"branchMap":{"0":{"loc":{"start":{"line":9,"column":28},"end":{"line":9,"column":57}},"type":"binary-expr","locations":[{"start":{"line":9,"column":28},"end":{"line":9,"column":48}},{"start":{"line":9,"column":52},"end":{"line":9,"column":57}}]},"1":{"loc":{"start":{"line":10,"column":2},"end":{"line":12,"column":3}},"type":"if","locations":[{"start":{"line":10,"column":2},"end":{"line":12,"column":3}}]}},"s":{"0":9,"1":9,"2":9,"3":18,"4":18,"5":17,"6":17,"7":17,"8":4,"9":13,"10":13,"11":9},"f":{"0":18},"b":{"0":[17,4],"1":[4]}}
,"D:\\Documents\\react-provider\\src\\hooks\\useProvider.ts": {"path":"D:\\Documents\\react-provider\\src\\hooks\\useProvider.ts","statementMap":{"0":{"start":{"line":1,"column":0},"end":{"line":1,"column":34}},"1":{"start":{"line":2,"column":0},"end":{"line":2,"column":47}},"2":{"start":{"line":3,"column":0},"end":{"line":3,"column":52}},"3":{"start":{"line":4,"column":0},"end":{"line":4,"column":53}},"4":{"start":{"line":11,"column":14},"end":{"line":11,"column":48}},"5":{"start":{"line":12,"column":28},"end":{"line":12,"column":55}},"6":{"start":{"line":13,"column":21},"end":{"line":13,"column":44}},"7":{"start":{"line":14,"column":28},"end":{"line":14,"column":57}},"8":{"start":{"line":15,"column":2},"end":{"line":17,"column":3}},"9":{"start":{"line":16,"column":4},"end":{"line":16,"column":null}},"10":{"start":{"line":18,"column":17},"end":{"line":18,"column":37}},"11":{"start":{"line":19,"column":2},"end":{"line":19,"column":null}},"12":{"start":{"line":22,"column":0},"end":{"line":22,"column":null}}},"fnMap":{"0":{"name":"useProvider","decl":{"start":{"line":10,"column":9},"end":{"line":10,"column":20}},"loc":{"start":{"line":10,"column":65},"end":{"line":20,"column":1}}}},"branchMap":{"0":{"loc":{"start":{"line":11,"column":14},"end":{"line":11,"column":48}},"type":"binary-expr","locations":[{"start":{"line":11,"column":14},"end":{"line":11,"column":18}},{"start":{"line":11,"column":22},"end":{"line":11,"column":48}}]},"1":{"loc":{"start":{"line":14,"column":28},"end":{"line":14,"column":57}},"type":"binary-expr","locations":[{"start":{"line":14,"column":28},"end":{"line":14,"column":48}},{"start":{"line":14,"column":52},"end":{"line":14,"column":57}}]},"2":{"loc":{"start":{"line":15,"column":2},"end":{"line":17,"column":3}},"type":"if","locations":[{"start":{"line":15,"column":2},"end":{"line":17,"column":3}}]}},"s":{"0":9,"1":9,"2":9,"3":9,"4":18,"5":18,"6":17,"7":17,"8":17,"9":4,"10":13,"11":13,"12":9},"f":{"0":18},"b":{"0":[18,17],"1":[17,4],"2":[4]}}
}
