{"D:\\Documents\\react-provider\\src\\errors.ts": {"path":"D:\\Documents\\react-provider\\src\\errors.ts","statementMap":{"0":{"start":{"line":3,"column":4},"end":{"line":3,"column":null}},"1":{"start":{"line":4,"column":4},"end":{"line":4,"column":null}},"2":{"start":{"line":8,"column":9},"end":{"line":8,"column":34}}},"fnMap":{"0":{"name":"(anonymous_0)","decl":{"start":{"line":2,"column":2},"end":{"line":2,"column":14}},"loc":{"start":{"line":2,"column":26},"end":{"line":5,"column":3}}}},"branchMap":{},"s":{"0":3,"1":3,"2":6},"f":{"0":3},"b":{}}
,"D:\\Documents\\react-provider\\src\\index.ts": {"path":"D:\\Documents\\react-provider\\src\\index.ts","statementMap":{"0":{"start":{"line":1,"column":0},"end":{"line":1,"column":7}},"1":{"start":{"line":14,"column":9},"end":{"line":1,"column":79}},"2":{"start":{"line":2,"column":0},"end":{"line":2,"column":9}},"3":{"start":{"line":13,"column":9},"end":{"line":2,"column":37}},"4":{"start":{"line":3,"column":0},"end":{"line":3,"column":9}},"5":{"start":{"line":10,"column":24},"end":{"line":3,"column":52}},"6":{"start":{"line":4,"column":0},"end":{"line":4,"column":22}},"7":{"start":{"line":12,"column":9},"end":{"line":4,"column":64}},"8":{"start":{"line":5,"column":0},"end":{"line":5,"column":9}},"9":{"start":{"line":11,"column":9},"end":{"line":5,"column":67}},"10":{"start":{"line":6,"column":0},"end":{"line":6,"column":9}},"11":{"start":{"line":15,"column":9},"end":{"line":6,"column":52}},"12":{"start":{"line":7,"column":0},"end":{"line":7,"column":9}},"13":{"start":{"line":16,"column":9},"end":{"line":7,"column":31}},"14":{"start":{"line":16,"column":31},"end":{"line":7,"column":56}}},"fnMap":{"0":{"name":"(anonymous_0)","decl":{"start":{"line":13,"column":9},"end":{"line":13,"column":20}},"loc":{"start":{"line":13,"column":9},"end":{"line":2,"column":37}}},"1":{"name":"(anonymous_1)","decl":{"start":{"line":10,"column":24},"end":{"line":10,"column":32}},"loc":{"start":{"line":10,"column":24},"end":{"line":3,"column":52}}},"2":{"name":"(anonymous_2)","decl":{"start":{"line":12,"column":9},"end":{"line":12,"column":24}},"loc":{"start":{"line":12,"column":9},"end":{"line":4,"column":64}}},"3":{"name":"(anonymous_3)","decl":{"start":{"line":11,"column":9},"end":{"line":11,"column":22}},"loc":{"start":{"line":11,"column":9},"end":{"line":5,"column":67}}},"4":{"name":"(anonymous_4)","decl":{"start":{"line":15,"column":9},"end":{"line":15,"column":34}},"loc":{"start":{"line":15,"column":9},"end":{"line":6,"column":52}}},"5":{"name":"(anonymous_5)","decl":{"start":{"line":16,"column":9},"end":{"line":16,"column":29}},"loc":{"start":{"line":16,"column":9},"end":{"line":7,"column":31}}},"6":{"name":"(anonymous_6)","decl":{"start":{"line":16,"column":31},"end":{"line":16,"column":39}},"loc":{"start":{"line":16,"column":31},"end":{"line":7,"column":56}}}},"branchMap":{},"s":{"0":6,"1":6,"2":6,"3":6,"4":6,"5":8,"6":6,"7":8,"8":6,"9":12,"10":6,"11":11,"12":6,"13":24,"14":8},"f":{"0":0,"1":2,"2":2,"3":6,"4":5,"5":18,"6":2},"b":{}}
,"D:\\Documents\\react-provider\\src\\utils.ts": {"path":"D:\\Documents\\react-provider\\src\\utils.ts","statementMap":{"0":{"start":{"line":4,"column":2},"end":{"line":6,"column":3}},"1":{"start":{"line":5,"column":4},"end":{"line":5,"column":null}},"2":{"start":{"line":10,"column":2},"end":{"line":12,"column":3}},"3":{"start":{"line":11,"column":4},"end":{"line":11,"column":null}},"4":{"start":{"line":16,"column":2},"end":{"line":18,"column":3}},"5":{"start":{"line":17,"column":4},"end":{"line":17,"column":null}},"6":{"start":{"line":22,"column":2},"end":{"line":24,"column":3}},"7":{"start":{"line":23,"column":4},"end":{"line":23,"column":null}},"8":{"start":{"line":25,"column":2},"end":{"line":25,"column":null}},"9":{"start":{"line":3,"column":0},"end":{"line":3,"column":16}},"10":{"start":{"line":29,"column":2},"end":{"line":29,"column":null}},"11":{"start":{"line":28,"column":0},"end":{"line":28,"column":16}}},"fnMap":{"0":{"name":"getObjectRuntimeName","decl":{"start":{"line":3,"column":16},"end":{"line":3,"column":36}},"loc":{"start":{"line":3,"column":43},"end":{"line":26,"column":1}}},"1":{"name":"isCreate","decl":{"start":{"line":28,"column":16},"end":{"line":28,"column":24}},"loc":{"start":{"line":28,"column":49},"end":{"line":30,"column":1}}}},"branchMap":{"0":{"loc":{"start":{"line":4,"column":2},"end":{"line":6,"column":3}},"type":"if","locations":[{"start":{"line":4,"column":2},"end":{"line":6,"column":3}}]},"1":{"loc":{"start":{"line":10,"column":2},"end":{"line":12,"column":3}},"type":"if","locations":[{"start":{"line":10,"column":2},"end":{"line":12,"column":3}}]},"2":{"loc":{"start":{"line":16,"column":2},"end":{"line":18,"column":3}},"type":"if","locations":[{"start":{"line":16,"column":2},"end":{"line":18,"column":3}}]},"3":{"loc":{"start":{"line":22,"column":2},"end":{"line":24,"column":3}},"type":"if","locations":[{"start":{"line":22,"column":2},"end":{"line":24,"column":3}}]}},"s":{"0":26,"1":11,"2":15,"3":1,"4":14,"5":2,"6":12,"7":2,"8":10,"9":6,"10":6,"11":6},"f":{"0":26,"1":6},"b":{"0":[11],"1":[1],"2":[2],"3":[2]}}
,"D:\\Documents\\react-provider\\src\\MultiProvider\\index.tsx": {"path":"D:\\Documents\\react-provider\\src\\MultiProvider\\index.tsx","statementMap":{"0":{"start":{"line":1,"column":0},"end":{"line":1,"column":25}},"1":{"start":{"line":25,"column":71},"end":{"line":34,"column":1}},"2":{"start":{"line":26,"column":23},"end":{"line":32,"column":3}},"3":{"start":{"line":27,"column":50},"end":{"line":27,"column":64}},"4":{"start":{"line":28,"column":4},"end":{"line":30,"column":5}},"5":{"start":{"line":29,"column":6},"end":{"line":29,"column":null}},"6":{"start":{"line":31,"column":4},"end":{"line":31,"column":null}},"7":{"start":{"line":33,"column":2},"end":{"line":33,"column":null}},"8":{"start":{"line":36,"column":0},"end":{"line":36,"column":null}}},"fnMap":{"0":{"name":"(anonymous_0)","decl":{"start":{"line":25,"column":71},"end":{"line":25,"column":72}},"loc":{"start":{"line":25,"column":99},"end":{"line":34,"column":1}}},"1":{"name":"(anonymous_1)","decl":{"start":{"line":26,"column":23},"end":{"line":26,"column":24}},"loc":{"start":{"line":26,"column":117},"end":{"line":32,"column":3}}}},"branchMap":{"0":{"loc":{"start":{"line":28,"column":4},"end":{"line":30,"column":5}},"type":"if","locations":[{"start":{"line":28,"column":4},"end":{"line":30,"column":5}}]}},"s":{"0":6,"1":6,"2":0,"3":0,"4":0,"5":0,"6":0,"7":0,"8":6},"f":{"0":0,"1":0},"b":{"0":[0]}}
,"D:\\Documents\\react-provider\\src\\Provider\\index.tsx": {"path":"D:\\Documents\\react-provider\\src\\Provider\\index.tsx","statementMap":{"0":{"start":{"line":1,"column":0},"end":{"line":1,"column":49}},"1":{"start":{"line":3,"column":0},"end":{"line":3,"column":35}},"2":{"start":{"line":4,"column":0},"end":{"line":4,"column":48}},"3":{"start":{"line":11,"column":22},"end":{"line":11,"column":69}},"4":{"start":{"line":12,"column":35},"end":{"line":12,"column":72}},"5":{"start":{"line":13,"column":2},"end":{"line":17,"column":null}},"6":{"start":{"line":21,"column":9},"end":{"line":21,"column":17}}},"fnMap":{"0":{"name":"Provider","decl":{"start":{"line":10,"column":9},"end":{"line":10,"column":17}},"loc":{"start":{"line":10,"column":84},"end":{"line":18,"column":1}}}},"branchMap":{"0":{"loc":{"start":{"line":11,"column":29},"end":{"line":11,"column":68}},"type":"cond-expr","locations":[{"start":{"line":11,"column":48},"end":{"line":11,"column":56}},{"start":{"line":11,"column":59},"end":{"line":11,"column":68}}]},"1":{"loc":{"start":{"line":12,"column":35},"end":{"line":12,"column":72}},"type":"cond-expr","locations":[{"start":{"line":12,"column":54},"end":{"line":12,"column":63}},{"start":{"line":12,"column":66},"end":{"line":12,"column":72}}]},"2":{"loc":{"start":{"line":14,"column":38},"end":{"line":14,"column":70}},"type":"binary-expr","locations":[{"start":{"line":14,"column":38},"end":{"line":14,"column":57}},{"start":{"line":14,"column":61},"end":{"line":14,"column":70}}]}},"s":{"0":6,"1":6,"2":6,"3":2,"4":2,"5":2,"6":6},"f":{"0":2},"b":{"0":[1,1],"1":[1,1],"2":[2,1]}}
,"D:\\Documents\\react-provider\\src\\ProviderContext\\index.ts": {"path":"D:\\Documents\\react-provider\\src\\ProviderContext\\index.ts","statementMap":{"0":{"start":{"line":1,"column":0},"end":{"line":1,"column":37}},"1":{"start":{"line":7,"column":24},"end":{"line":7,"column":73}},"2":{"start":{"line":10,"column":9},"end":{"line":10,"column":24}}},"fnMap":{},"branchMap":{},"s":{"0":6,"1":6,"2":6},"f":{},"b":{}}
,"D:\\Documents\\react-provider\\src\\ProviderScope\\index.tsx": {"path":"D:\\Documents\\react-provider\\src\\ProviderScope\\index.tsx","statementMap":{"0":{"start":{"line":1,"column":0},"end":{"line":1,"column":53}},"1":{"start":{"line":2,"column":0},"end":{"line":2,"column":52}},"2":{"start":{"line":3,"column":0},"end":{"line":3,"column":47}},"3":{"start":{"line":11,"column":28},"end":{"line":11,"column":55}},"4":{"start":{"line":13,"column":2},"end":{"line":17,"column":3}},"5":{"start":{"line":14,"column":4},"end":{"line":14,"column":null}},"6":{"start":{"line":16,"column":4},"end":{"line":16,"column":null}},"7":{"start":{"line":19,"column":14},"end":{"line":19,"column":49}},"8":{"start":{"line":20,"column":2},"end":{"line":20,"column":null}},"9":{"start":{"line":21,"column":2},"end":{"line":21,"column":null}},"10":{"start":{"line":23,"column":9},"end":{"line":23,"column":22}}},"fnMap":{"0":{"name":"ProviderScope","decl":{"start":{"line":10,"column":9},"end":{"line":10,"column":22}},"loc":{"start":{"line":10,"column":93},"end":{"line":22,"column":1}}}},"branchMap":{"0":{"loc":{"start":{"line":13,"column":2},"end":{"line":17,"column":3}},"type":"if","locations":[{"start":{"line":13,"column":2},"end":{"line":17,"column":3}},{"start":{"line":15,"column":9},"end":{"line":17,"column":3}}]},"1":{"loc":{"start":{"line":19,"column":14},"end":{"line":19,"column":49}},"type":"binary-expr","locations":[{"start":{"line":19,"column":14},"end":{"line":19,"column":18}},{"start":{"line":19,"column":22},"end":{"line":19,"column":49}}]}},"s":{"0":6,"1":6,"2":6,"3":8,"4":8,"5":6,"6":2,"7":8,"8":8,"9":8,"10":6},"f":{"0":8},"b":{"0":[6,2],"1":[8,8]}}
,"D:\\Documents\\react-provider\\src\\hooks\\index.ts": {"path":"D:\\Documents\\react-provider\\src\\hooks\\index.ts","statementMap":{"0":{"start":{"line":1,"column":0},"end":{"line":1,"column":7}},"1":{"start":{"line":3,"column":9},"end":{"line":1,"column":39}}},"fnMap":{},"branchMap":{},"s":{"0":6,"1":6},"f":{},"b":{}}
,"D:\\Documents\\react-provider\\src\\hooks\\useProvider.ts": {"path":"D:\\Documents\\react-provider\\src\\hooks\\useProvider.ts","statementMap":{"0":{"start":{"line":1,"column":0},"end":{"line":1,"column":34}},"1":{"start":{"line":2,"column":0},"end":{"line":2,"column":47}},"2":{"start":{"line":3,"column":0},"end":{"line":3,"column":52}},"3":{"start":{"line":4,"column":0},"end":{"line":4,"column":53}},"4":{"start":{"line":10,"column":14},"end":{"line":10,"column":48}},"5":{"start":{"line":11,"column":28},"end":{"line":11,"column":55}},"6":{"start":{"line":12,"column":21},"end":{"line":12,"column":44}},"7":{"start":{"line":13,"column":28},"end":{"line":13,"column":57}},"8":{"start":{"line":14,"column":2},"end":{"line":16,"column":3}},"9":{"start":{"line":15,"column":4},"end":{"line":15,"column":null}},"10":{"start":{"line":17,"column":17},"end":{"line":17,"column":37}},"11":{"start":{"line":18,"column":2},"end":{"line":18,"column":null}},"12":{"start":{"line":21,"column":0},"end":{"line":21,"column":null}}},"fnMap":{"0":{"name":"useProvider","decl":{"start":{"line":9,"column":9},"end":{"line":9,"column":20}},"loc":{"start":{"line":9,"column":65},"end":{"line":19,"column":1}}}},"branchMap":{"0":{"loc":{"start":{"line":10,"column":14},"end":{"line":10,"column":48}},"type":"binary-expr","locations":[{"start":{"line":10,"column":14},"end":{"line":10,"column":18}},{"start":{"line":10,"column":22},"end":{"line":10,"column":48}}]},"1":{"loc":{"start":{"line":13,"column":28},"end":{"line":13,"column":57}},"type":"binary-expr","locations":[{"start":{"line":13,"column":28},"end":{"line":13,"column":48}},{"start":{"line":13,"column":52},"end":{"line":13,"column":57}}]},"2":{"loc":{"start":{"line":14,"column":2},"end":{"line":16,"column":3}},"type":"if","locations":[{"start":{"line":14,"column":2},"end":{"line":16,"column":3}}]}},"s":{"0":6,"1":6,"2":6,"3":6,"4":0,"5":0,"6":0,"7":0,"8":0,"9":0,"10":0,"11":0,"12":6},"f":{"0":0},"b":{"0":[0,0],"1":[0,0],"2":[0]}}
}
