TN:
SF:src\errors.ts
FN:2,(anonymous_0)
FNF:1
FNH:1
FNDA:11,(anonymous_0)
DA:3,11
DA:4,11
DA:8,9
LF:3
LH:3
BRF:0
BRH:0
end_of_record
TN:
SF:src\index.ts
FN:13,(anonymous_0)
FN:13,(anonymous_1)
FN:10,(anonymous_2)
FN:12,(anonymous_3)
FN:11,(anonymous_4)
FN:15,(anonymous_5)
FN:16,(anonymous_6)
FN:16,(anonymous_7)
FNF:8
FNH:8
FNDA:18,(anonymous_0)
FNDA:18,(anonymous_1)
FNDA:30,(anonymous_2)
FNDA:3,(anonymous_3)
FNDA:7,(anonymous_4)
FNDA:7,(anonymous_5)
FNDA:18,(anonymous_6)
FNDA:2,(anonymous_7)
DA:1,9
DA:2,9
DA:3,9
DA:4,9
DA:5,9
DA:6,9
DA:7,9
DA:10,39
DA:11,16
DA:12,12
DA:13,27
DA:14,9
DA:15,16
DA:16,27
LF:14
LH:14
BRF:0
BRH:0
end_of_record
TN:
SF:src\utils.ts
FN:3,getObjectRuntimeName
FN:28,isCreate
FNF:2
FNH:2
FNDA:55,getObjectRuntimeName
FNDA:62,isCreate
DA:3,9
DA:4,55
DA:5,12
DA:10,43
DA:11,2
DA:16,41
DA:17,11
DA:22,30
DA:23,3
DA:25,27
DA:28,9
DA:29,62
LF:12
LH:12
BRDA:4,0,0,12
BRDA:10,1,0,2
BRDA:16,2,0,11
BRDA:22,3,0,3
BRF:4
BRH:4
end_of_record
TN:
SF:src\MultiProvider\index.tsx
FN:25,(anonymous_0)
FN:26,(anonymous_1)
FNF:2
FNH:2
FNDA:5,(anonymous_0)
FNDA:21,(anonymous_1)
DA:1,9
DA:25,9
DA:26,5
DA:27,21
DA:28,21
DA:29,16
DA:31,5
DA:33,5
DA:36,9
LF:9
LH:9
BRDA:28,0,0,16
BRF:1
BRH:1
end_of_record
TN:
SF:src\Provider\index.tsx
FN:10,Provider
FNF:1
FNH:1
FNDA:30,Provider
DA:1,9
DA:3,9
DA:4,9
DA:11,30
DA:12,30
DA:13,30
DA:21,9
LF:7
LH:7
BRDA:11,0,0,10
BRDA:11,0,1,20
BRDA:12,1,0,10
BRDA:12,1,1,20
BRDA:14,2,0,30
BRDA:14,2,1,20
BRF:6
BRH:6
end_of_record
TN:
SF:src\ProviderContext\index.ts
FNF:0
FNH:0
DA:1,9
DA:7,9
DA:10,9
LF:3
LH:3
BRF:0
BRH:0
end_of_record
TN:
SF:src\ProviderScope\index.tsx
FN:10,ProviderScope
FNF:1
FNH:1
FNDA:37,ProviderScope
DA:1,9
DA:2,9
DA:3,9
DA:11,37
DA:13,37
DA:14,27
DA:16,10
DA:19,37
DA:20,37
DA:21,37
DA:23,9
LF:11
LH:11
BRDA:13,0,0,27
BRDA:13,0,1,10
BRDA:19,1,0,37
BRDA:19,1,1,20
BRF:4
BRH:4
end_of_record
TN:
SF:src\hooks\index.ts
FNF:0
FNH:0
DA:1,9
DA:2,9
DA:4,9
LF:3
LH:3
BRF:0
BRH:0
end_of_record
TN:
SF:src\hooks\useNamedProvider.ts
FN:5,useNamedProvider
FNF:1
FNH:1
FNDA:18,useNamedProvider
DA:1,9
DA:2,9
DA:3,9
DA:6,18
DA:7,18
DA:8,17
DA:9,17
DA:10,17
DA:11,4
DA:13,13
DA:14,13
DA:17,9
LF:12
LH:12
BRDA:9,0,0,17
BRDA:9,0,1,4
BRDA:10,1,0,4
BRF:3
BRH:3
end_of_record
TN:
SF:src\hooks\useProvider.ts
FN:10,useProvider
FNF:1
FNH:1
FNDA:18,useProvider
DA:1,9
DA:2,9
DA:3,9
DA:4,9
DA:11,18
DA:12,18
DA:13,17
DA:14,17
DA:15,17
DA:16,4
DA:18,13
DA:19,13
DA:22,9
LF:13
LH:13
BRDA:11,0,0,18
BRDA:11,0,1,17
BRDA:14,1,0,17
BRDA:14,1,1,4
BRDA:15,2,0,4
BRF:5
BRH:5
end_of_record
