TN:
SF:src\errors.ts
FN:2,(anonymous_0)
FNF:1
FNH:1
FNDA:3,(anonymous_0)
DA:3,3
DA:4,3
DA:8,6
LF:3
LH:3
BRF:0
BRH:0
end_of_record
TN:
SF:src\index.ts
FN:13,(anonymous_0)
FN:10,(anonymous_1)
FN:12,(anonymous_2)
FN:11,(anonymous_3)
FN:15,(anonymous_4)
FN:16,(anonymous_5)
FN:16,(anonymous_6)
FNF:7
FNH:6
FNDA:0,(anonymous_0)
FNDA:2,(anonymous_1)
FNDA:1,(anonymous_2)
FNDA:4,(anonymous_3)
FNDA:5,(anonymous_4)
FNDA:17,(anonymous_5)
FNDA:2,(anonymous_6)
DA:1,6
DA:2,6
DA:3,6
DA:4,6
DA:5,6
DA:6,6
DA:7,6
DA:10,8
DA:11,10
DA:12,7
DA:13,6
DA:14,6
DA:15,11
DA:16,23
LF:14
LH:14
BRF:0
BRH:0
end_of_record
TN:
SF:src\utils.ts
FN:3,getObjectRuntimeName
FN:28,isCreate
FNF:2
FNH:2
FNDA:23,getObjectRuntimeName
FNDA:6,isCreate
DA:3,6
DA:4,23
DA:5,9
DA:10,14
DA:11,1
DA:16,13
DA:17,2
DA:22,11
DA:23,2
DA:25,9
DA:28,6
DA:29,6
LF:12
LH:12
BRDA:4,0,0,9
BRDA:10,1,0,1
BRDA:16,2,0,2
BRDA:22,3,0,2
BRF:4
BRH:4
end_of_record
TN:
SF:src\Nested\index.tsx
FN:25,(anonymous_0)
FN:26,(anonymous_1)
FNF:2
FNH:0
FNDA:0,(anonymous_0)
FNDA:0,(anonymous_1)
DA:1,6
DA:25,6
DA:26,0
DA:27,0
DA:28,0
DA:29,0
DA:31,0
DA:33,0
DA:36,6
LF:9
LH:3
BRDA:28,0,0,0
BRF:1
BRH:0
end_of_record
TN:
SF:src\Provider\index.tsx
FN:10,Provider
FNF:1
FNH:1
FNDA:2,Provider
DA:1,6
DA:3,6
DA:4,6
DA:11,2
DA:12,2
DA:13,2
DA:21,6
LF:7
LH:7
BRDA:11,0,0,1
BRDA:11,0,1,1
BRDA:12,1,0,1
BRDA:12,1,1,1
BRDA:14,2,0,2
BRDA:14,2,1,1
BRF:6
BRH:6
end_of_record
TN:
SF:src\ProviderContext\index.ts
FNF:0
FNH:0
DA:1,6
DA:7,6
DA:10,6
LF:3
LH:3
BRF:0
BRH:0
end_of_record
TN:
SF:src\ProviderScope\index.tsx
FN:10,ProviderScope
FNF:1
FNH:1
FNDA:6,ProviderScope
DA:1,6
DA:2,6
DA:3,6
DA:11,6
DA:13,6
DA:14,5
DA:16,1
DA:19,6
DA:20,6
DA:21,6
DA:23,6
LF:11
LH:11
BRDA:13,0,0,5
BRDA:13,0,1,1
BRDA:19,1,0,6
BRDA:19,1,1,6
BRF:4
BRH:4
end_of_record
TN:
SF:src\hooks\index.ts
FNF:0
FNH:0
DA:1,6
DA:3,6
LF:2
LH:2
BRF:0
BRH:0
end_of_record
TN:
SF:src\hooks\useProvider.ts
FN:9,useProvider
FNF:1
FNH:0
FNDA:0,useProvider
DA:1,6
DA:2,6
DA:3,6
DA:4,6
DA:10,0
DA:11,0
DA:12,0
DA:13,0
DA:14,0
DA:15,0
DA:17,0
DA:18,0
DA:21,6
LF:13
LH:5
BRDA:10,0,0,0
BRDA:10,0,1,0
BRDA:13,1,0,0
BRDA:13,1,1,0
BRDA:14,2,0,0
BRF:5
BRH:0
end_of_record
